<?xml version="1.0" encoding="UTF-8"?>
<testng-results skipped="0" failed="0" total="1" passed="1">
  <reporter-output>
  </reporter-output>
  <suite name="Apr30batch" duration-ms="40931" started-at="2017-06-11T09:33:19Z" finished-at="2017-06-11T09:33:59Z">
    <groups>
      <group name="smoke">
        <method signature="Scenario_Search.testInvalidSearch(java.util.Map)[pri:0, instance:Scenario_Component.Scenario_Search@32d2fa64]" name="testInvalidSearch" class="Scenario_Component.Scenario_Search"/>
      </group> <!-- smoke -->
    </groups>
    <test name="Set1" duration-ms="40931" started-at="2017-06-11T09:33:19Z" finished-at="2017-06-11T09:33:59Z">
      <class name="Scenario_Component.Scenario_Search">
        <test-method status="PASS" signature="testInvalidSearch(java.util.Map)[pri:0, instance:Scenario_Component.Scenario_Search@32d2fa64]" name="testInvalidSearch" duration-ms="40714" started-at="2017-06-11T15:03:19Z" data-provider="dp_InvalidSearch" finished-at="2017-06-11T15:03:59Z">
          <params>
            <param index="0">
              <value>
                <![CDATA[{Execute_Flag=Y, TC_ID=GB_01, Script_name=InvalidSearch, Search_Item=###, Exp_Result=Sorry! There are no products to display., Order_Set=1.0}]]>
              </value>
            </param>
          </params>
          <reporter-output>
          </reporter-output>
        </test-method> <!-- testInvalidSearch -->
      </class> <!-- Scenario_Component.Scenario_Search -->
    </test> <!-- Set1 -->
  </suite> <!-- Apr30batch -->
</testng-results>
